Running script
Running script
Running script
Running script
Running script
Running script
Running script
Running script
Running script
Running script
-13.65801014704255
-6.066275036818781
-5.9557276903625915
-8.467166205602187
-6.656892212736749
-6.931856116652432
0.18994066985621813
-10.564548456252536
-0.43179333498080474
1.5646875437666192
0.29954493577951635
-11.739890644530933
-9.689513182347081
-13.998258585894629
-17.550262605489568
-10.48525817827773
-9.852458167800167
-4.756021512905343
-9.874868131313491
-8.602102850500394
-9.289452519418356
-3.274256215816995
-8.885295297700168
-10.996955681809558
-9.244314274771114
-7.574523229769295
-12.596651508162383
-10.850685274771667
-8.717864599675998
-11.418615088859555
-15.542772368585386
-18.753087982018595
-18.446593833417367
-7.6366928766290565
0.5815364093778146
-10.700401965514095
-4.605850047219099
-12.023429451511639
-13.001613990246815
-11.643307087031832
-16.05965935922282
-10.047344698988946
-20.349542133298684
-10.019370897602709
-0.4943909041440372
-4.376549094671652
-11.355460033147057
-7.629265438638134
-10.709153720324242
-13.947433321872929
-14.921971307832097
-11.297935582191075
-11.379402923546504
-6.785868783786448
0.5571980438971379
-10.42817572855199
-11.058763855055679
-11.688288743786803
-19.2999030026082
-14.607309852227404
-5.71367230210871
-10.445508484780133
-9.62313652616509
1.2349648706378846
-9.033270495102592
-8.336785596767877
0.5378729760508127
-7.328129751530027
-7.438532757798556
-14.076174970351541
